Using pre-set license
Built from '6000.0/staging' branch; Version is '6000.0.34f1 (5ab2d9ed9190) revision 5944025'; Using compiler version '193933523'; Build Type 'Release'
OS: 'Windows 11  (10.0.22631) 64bit CoreSingleLanguage' Language: 'en' Physical Memory: 15773 MB
BatchMode: 1, IsHumanControllingUs: 0, StartBugReporterOnCrash: 0, Is64bit: 1, IsPro: 1

COMMAND LINE ARGUMENTS:
D:\6000.0.34f1\Editor\Unity.exe
-adb2
-batchMode
-noUpm
-name
AssetImportWorker6
-projectPath
C:/Users/Teoh Wei Hong/Documents/Programming/Games/Project-Bubble/TeamBubble
-logFile
Logs/AssetImportWorker6.log
-srvPort
56565
-job-worker-count
7
-background-job-worker-count
8
-gc-helper-count
1
Successfully changed project path to: C:/Users/Teoh Wei Hong/Documents/Programming/Games/Project-Bubble/TeamBubble
C:/Users/Teoh Wei Hong/Documents/Programming/Games/Project-Bubble/TeamBubble
[UnityMemory] Configuration Parameters - Can be set up in boot.config
    "memorysetup-bucket-allocator-granularity=16"
    "memorysetup-bucket-allocator-bucket-count=8"
    "memorysetup-bucket-allocator-block-size=33554432"
    "memorysetup-bucket-allocator-block-count=8"
    "memorysetup-main-allocator-block-size=16777216"
    "memorysetup-thread-allocator-block-size=16777216"
    "memorysetup-gfx-main-allocator-block-size=16777216"
    "memorysetup-gfx-thread-allocator-block-size=16777216"
    "memorysetup-cache-allocator-block-size=4194304"
    "memorysetup-typetree-allocator-block-size=2097152"
    "memorysetup-profiler-bucket-allocator-granularity=16"
    "memorysetup-profiler-bucket-allocator-bucket-count=8"
    "memorysetup-profiler-bucket-allocator-block-size=33554432"
    "memorysetup-profiler-bucket-allocator-block-count=8"
    "memorysetup-profiler-allocator-block-size=16777216"
    "memorysetup-profiler-editor-allocator-block-size=1048576"
    "memorysetup-temp-allocator-size-main=16777216"
    "memorysetup-job-temp-allocator-block-size=2097152"
    "memorysetup-job-temp-allocator-block-size-background=1048576"
    "memorysetup-job-temp-allocator-reduction-small-platforms=262144"
    "memorysetup-allocator-temp-initial-block-size-main=262144"
    "memorysetup-allocator-temp-initial-block-size-worker=262144"
    "memorysetup-temp-allocator-size-background-worker=32768"
    "memorysetup-temp-allocator-size-job-worker=262144"
    "memorysetup-temp-allocator-size-preload-manager=33554432"
    "memorysetup-temp-allocator-size-nav-mesh-worker=65536"
    "memorysetup-temp-allocator-size-audio-worker=65536"
    "memorysetup-temp-allocator-size-cloud-worker=32768"
    "memorysetup-temp-allocator-size-gi-baking-worker=262144"
    "memorysetup-temp-allocator-size-gi-baking-worker=262144"
    "memorysetup-temp-allocator-size-gi-baking-worker=262144"
    "memorysetup-temp-allocator-size-gi-baking-worker=262144"
    "memorysetup-temp-allocator-size-gi-baking-worker=262144"
    "memorysetup-temp-allocator-size-gfx=262144"
Player connection [38028]  Target information:

Player connection [38028]  * "[IP] 192.168.68.112 [Port] 0 [Flags] 2 [Guid] 2597870702 [EditorId] 2597870702 [Version] 1048832 [Id] WindowsEditor(7,TeohWeiHong) [Debug] 1 [PackageName] WindowsEditor [ProjectName] Editor" 

Player connection [38028] Host joined multi-casting on [225.0.0.222:54997]...
Player connection [38028] Host joined alternative multi-casting on [225.0.0.222:34997]...
JobSystem: Creating JobQueue using job-worker-count value 7
Input System module state changed to: Initialized.
[Physics::Module] Initialized fallback backend.
[Physics::Module] Id: 0xdecafbad
Library Redirect Path: Library/
[Physics::Module] Selected backend.
[Physics::Module] Name: PhysX
[Physics::Module] Id: 0xf2b8ea05
[Physics::Module] SDK Version: 4.1.2
[Physics::Module] Integration Version: 1.0.0
[Physics::Module] Threading Mode: Multi-Threaded
Refreshing native plugins compatible for Editor in 3.48 ms, found 4 plugins.
Preloading 0 native plugins for Editor in 0.00 ms.
Initialize engine version: 6000.0.34f1 (5ab2d9ed9190)
[Subsystems] Discovering subsystems at path D:/6000.0.34f1/Editor/Data/Resources/UnitySubsystems
[Subsystems] Discovering subsystems at path C:/Users/Teoh Wei Hong/Documents/Programming/Games/Project-Bubble/TeamBubble/Assets
GfxDevice: creating device client; kGfxThreadingModeNonThreaded
Direct3D:
    Version:  Direct3D 11.0 [level 11.1]
    Renderer: NVIDIA GeForce RTX 3060 Laptop GPU (ID=0x2520)
    Vendor:   NVIDIA
    VRAM:     5996 MB
    Driver:   32.0.15.6607
Initialize mono
Mono path[0] = 'D:/6000.0.34f1/Editor/Data/Managed'
Mono path[1] = 'D:/6000.0.34f1/Editor/Data/MonoBleedingEdge/lib/mono/unityjit-win32'
Mono config path = 'D:/6000.0.34f1/Editor/Data/MonoBleedingEdge/etc'
Using monoOptions --debugger-agent=transport=dt_socket,embedding=1,server=y,suspend=n,address=127.0.0.1:56856
Begin MonoManager ReloadAssembly
Registering precompiled unity dll's ...
Register platform support module: D:/6000.0.34f1/Editor/Data/PlaybackEngines/WebGLSupport/UnityEditor.WebGL.Extensions.dll
Register platform support module: D:/6000.0.34f1/Editor/Data/PlaybackEngines/WindowsStandaloneSupport/UnityEditor.WindowsStandalone.Extensions.dll
Register platform support module: D:/6000.0.34f1/Editor/Data/PlaybackEngines/MetroSupport/UnityEditor.UWP.Extensions.dll
Registered in 0.004015 seconds.
- Loaded All Assemblies, in  1.452 seconds
Native extension for UWP target not found
Native extension for WindowsStandalone target not found
Native extension for WebGL target not found
Mono: successfully reloaded assembly
- Finished resetting the current domain, in  0.409 seconds
Domain Reload Profiling: 1861ms
	BeginReloadAssembly (180ms)
		ExecutionOrderSort (0ms)
		DisableScriptedObjects (0ms)
		BackupInstance (0ms)
		ReleaseScriptingObjects (0ms)
		CreateAndSetChildDomain (1ms)
	RebuildCommonClasses (267ms)
	RebuildNativeTypeToScriptingClass (14ms)
	initialDomainReloadingComplete (58ms)
	LoadAllAssembliesAndSetupDomain (931ms)
		LoadAssemblies (180ms)
		RebuildTransferFunctionScriptingTraits (0ms)
		AnalyzeDomain (926ms)
			TypeCache.Refresh (924ms)
				TypeCache.ScanAssembly (909ms)
			BuildScriptInfoCaches (0ms)
			ResolveRequiredComponents (1ms)
	FinalizeReload (410ms)
		ReleaseScriptCaches (0ms)
		RebuildScriptCaches (0ms)
		SetupLoadedEditorAssemblies (351ms)
			LogAssemblyErrors (0ms)
			InitializePlatformSupportModulesInManaged (72ms)
			SetLoadedEditorAssemblies (5ms)
			BeforeProcessingInitializeOnLoad (55ms)
			ProcessInitializeOnLoadAttributes (159ms)
			ProcessInitializeOnLoadMethodAttributes (59ms)
			AfterProcessingInitializeOnLoad (0ms)
			EditorAssembliesLoaded (0ms)
		ExecutionOrderSort2 (0ms)
		AwakeInstancesAfterBackupRestoration (0ms)
========================================================================
Worker process is ready to serve import requests
Import Worker Mode flag is 0x00
Begin MonoManager ReloadAssembly
- Loaded All Assemblies, in  1.038 seconds
Refreshing native plugins compatible for Editor in 2.24 ms, found 4 plugins.
Native extension for UWP target not found
Native extension for WindowsStandalone target not found
Native extension for WebGL target not found
Mono: successfully reloaded assembly
- Finished resetting the current domain, in  0.881 seconds
Domain Reload Profiling: 1914ms
	BeginReloadAssembly (192ms)
		ExecutionOrderSort (0ms)
		DisableScriptedObjects (6ms)
		BackupInstance (0ms)
		ReleaseScriptingObjects (0ms)
		CreateAndSetChildDomain (37ms)
	RebuildCommonClasses (44ms)
	RebuildNativeTypeToScriptingClass (13ms)
	initialDomainReloadingComplete (54ms)
	LoadAllAssembliesAndSetupDomain (729ms)
		LoadAssemblies (483ms)
		RebuildTransferFunctionScriptingTraits (0ms)
		AnalyzeDomain (361ms)
			TypeCache.Refresh (254ms)
				TypeCache.ScanAssembly (231ms)
			BuildScriptInfoCaches (93ms)
			ResolveRequiredComponents (12ms)
	FinalizeReload (882ms)
		ReleaseScriptCaches (0ms)
		RebuildScriptCaches (0ms)
		SetupLoadedEditorAssemblies (707ms)
			LogAssemblyErrors (0ms)
			InitializePlatformSupportModulesInManaged (13ms)
			SetLoadedEditorAssemblies (6ms)
			BeforeProcessingInitializeOnLoad (121ms)
			ProcessInitializeOnLoadAttributes (438ms)
			ProcessInitializeOnLoadMethodAttributes (129ms)
			AfterProcessingInitializeOnLoad (2ms)
			EditorAssembliesLoaded (0ms)
		ExecutionOrderSort2 (0ms)
		AwakeInstancesAfterBackupRestoration (7ms)
Launched and connected shader compiler UnityShaderCompiler.exe after 0.05 seconds
Refreshing native plugins compatible for Editor in 2.47 ms, found 4 plugins.
Preloading 0 native plugins for Editor in 0.00 ms.
Unloading 221 Unused Serialized files (Serialized files now loaded: 0)
Unloading 6567 unused Assets / (4.8 MB). Loaded Objects now: 7299.
Memory consumption went from 182.2 MB to 177.5 MB.
Total: 10.659000 ms (FindLiveObjects: 0.903900 ms CreateObjectMapping: 0.764800 ms MarkObjects: 6.103200 ms  DeleteObjects: 2.885600 ms)

========================================================================
Received Import Request.
  Time since last request: 60204.271808 seconds.
  path: Assets/sprites/tilemaps/sliced tiles/Snow Tile 1 768_1.asset
  artifactKey: Guid(bc2273637cf81bd44bbcf365b7fa271c) Importer(815301076,1909f56bfc062723c751e8b465ee728b)
Start importing Assets/sprites/tilemaps/sliced tiles/Snow Tile 1 768_1.asset using Guid(bc2273637cf81bd44bbcf365b7fa271c) Importer(815301076,1909f56bfc062723c751e8b465ee728b) (PreviewImporter) -> (artifact id: 'ced061cb40caa98ecb8ba27747371d92') in 0.0741109 seconds
Number of updated asset objects reloaded before import = 0Number of asset objects unloaded after import = 3

========================================================================
Received Import Request.
  Time since last request: 0.000018 seconds.
  path: Assets/sprites/tilemaps/sliced tiles/Snow Tile 6 768_3.asset
  artifactKey: Guid(e0d664b51be8f3c4f912004444276997) Importer(815301076,1909f56bfc062723c751e8b465ee728b)
Start importing Assets/sprites/tilemaps/sliced tiles/Snow Tile 6 768_3.asset using Guid(e0d664b51be8f3c4f912004444276997) Importer(815301076,1909f56bfc062723c751e8b465ee728b) (PreviewImporter) -> (artifact id: '623e5876c5f856ac1648b2a8726519e0') in 0.0094646 seconds
Number of updated asset objects reloaded before import = 0Number of asset objects unloaded after import = 3

========================================================================
Received Import Request.
  Time since last request: 0.000015 seconds.
  path: Assets/sprites/tilemaps/sliced tiles/Snow Tile 3 768_8.asset
  artifactKey: Guid(cb57127af89a1a2468dba1c452ea0744) Importer(815301076,1909f56bfc062723c751e8b465ee728b)
Start importing Assets/sprites/tilemaps/sliced tiles/Snow Tile 3 768_8.asset using Guid(cb57127af89a1a2468dba1c452ea0744) Importer(815301076,1909f56bfc062723c751e8b465ee728b) (PreviewImporter) -> (artifact id: 'ad2298fc2540d4c282efce135a6a1187') in 0.0096916 seconds
Number of updated asset objects reloaded before import = 0Number of asset objects unloaded after import = 3

========================================================================
Received Import Request.
  Time since last request: 0.000039 seconds.
  path: Assets/sprites/tilemaps/sliced tiles/Snow Tile 1 768_5.asset
  artifactKey: Guid(143223d0fcadf4247a132c76f019ee92) Importer(815301076,1909f56bfc062723c751e8b465ee728b)
Start importing Assets/sprites/tilemaps/sliced tiles/Snow Tile 1 768_5.asset using Guid(143223d0fcadf4247a132c76f019ee92) Importer(815301076,1909f56bfc062723c751e8b465ee728b) (PreviewImporter) -> (artifact id: '8d1d8e551adbbccfdda247b8b4125986') in 0.008729 seconds
Number of updated asset objects reloaded before import = 0Number of asset objects unloaded after import = 3

========================================================================
Received Import Request.
  Time since last request: 0.000018 seconds.
  path: Assets/sprites/tilemaps/sliced tiles/Snow Tile 4 768_6.asset
  artifactKey: Guid(d7a3c0adc3802f84cacbdec1bf856a3b) Importer(815301076,1909f56bfc062723c751e8b465ee728b)
Start importing Assets/sprites/tilemaps/sliced tiles/Snow Tile 4 768_6.asset using Guid(d7a3c0adc3802f84cacbdec1bf856a3b) Importer(815301076,1909f56bfc062723c751e8b465ee728b) (PreviewImporter) -> (artifact id: '9b622de6ffebd0063026318e4008c157') in 0.0097503 seconds
Number of updated asset objects reloaded before import = 0Number of asset objects unloaded after import = 3

========================================================================
Received Import Request.
  Time since last request: 0.000033 seconds.
  path: Assets/sprites/tilemaps/sliced tiles/Snow Tile 5 768_2.asset
  artifactKey: Guid(391bcf5b5dc02fb468fb0a18f586033f) Importer(815301076,1909f56bfc062723c751e8b465ee728b)
Start importing Assets/sprites/tilemaps/sliced tiles/Snow Tile 5 768_2.asset using Guid(391bcf5b5dc02fb468fb0a18f586033f) Importer(815301076,1909f56bfc062723c751e8b465ee728b) (PreviewImporter) -> (artifact id: 'a87ac299ec61e809356bc3cb7ab9354f') in 0.01471 seconds
Number of updated asset objects reloaded before import = 0Number of asset objects unloaded after import = 3

========================================================================
Received Import Request.
  Time since last request: 0.000024 seconds.
  path: Assets/sprites/tilemaps/sliced tiles/Snow Tile 4 768_1.asset
  artifactKey: Guid(ef3b051a1c057c14e9e4ed93e4a9154a) Importer(815301076,1909f56bfc062723c751e8b465ee728b)
Start importing Assets/sprites/tilemaps/sliced tiles/Snow Tile 4 768_1.asset using Guid(ef3b051a1c057c14e9e4ed93e4a9154a) Importer(815301076,1909f56bfc062723c751e8b465ee728b) (PreviewImporter) -> (artifact id: '66ecaf437db1ff12e3bd0a1fe8af31b5') in 0.0083997 seconds
Number of updated asset objects reloaded before import = 0Number of asset objects unloaded after import = 3

========================================================================
Received Import Request.
  Time since last request: 0.000019 seconds.
  path: Assets/sprites/tilemaps/sliced tiles/Snow Tile 6 768_0.asset
  artifactKey: Guid(a8bb793e9a6ad574e95ba72e84f377f1) Importer(815301076,1909f56bfc062723c751e8b465ee728b)
Start importing Assets/sprites/tilemaps/sliced tiles/Snow Tile 6 768_0.asset using Guid(a8bb793e9a6ad574e95ba72e84f377f1) Importer(815301076,1909f56bfc062723c751e8b465ee728b) (PreviewImporter) -> (artifact id: '7f8f5a4eb81b37e3c72007b16244d557') in 0.0087514 seconds
Number of updated asset objects reloaded before import = 0Number of asset objects unloaded after import = 3

========================================================================
Received Import Request.
  Time since last request: 0.000018 seconds.
  path: Assets/sprites/tilemaps/sliced tiles/Snow Tile 2 768_8.asset
  artifactKey: Guid(54d83b27eaaa4d54a8353a9682755d46) Importer(815301076,1909f56bfc062723c751e8b465ee728b)
Start importing Assets/sprites/tilemaps/sliced tiles/Snow Tile 2 768_8.asset using Guid(54d83b27eaaa4d54a8353a9682755d46) Importer(815301076,1909f56bfc062723c751e8b465ee728b) (PreviewImporter) -> (artifact id: 'ec1ff89d7a824c1e01c59b0869cb0409') in 0.0094618 seconds
Number of updated asset objects reloaded before import = 0Number of asset objects unloaded after import = 3

========================================================================
Received Import Request.
  Time since last request: 0.000021 seconds.
  path: Assets/sprites/tilemaps/sliced tiles/Snow Tile 3 768_0.asset
  artifactKey: Guid(4dc0314eb683da04bb85341e21fe2356) Importer(815301076,1909f56bfc062723c751e8b465ee728b)
Start importing Assets/sprites/tilemaps/sliced tiles/Snow Tile 3 768_0.asset using Guid(4dc0314eb683da04bb85341e21fe2356) Importer(815301076,1909f56bfc062723c751e8b465ee728b) (PreviewImporter) -> (artifact id: '0401885b16cf35007d0fd9124d5838c7') in 0.0107655 seconds
Number of updated asset objects reloaded before import = 0Number of asset objects unloaded after import = 3

========================================================================
Received Import Request.
  Time since last request: 0.000022 seconds.
  path: Assets/sprites/tilemaps/sliced tiles/Snow Tile 5 768_3.asset
  artifactKey: Guid(14edaf44487329446b6cd51d87185913) Importer(815301076,1909f56bfc062723c751e8b465ee728b)
Start importing Assets/sprites/tilemaps/sliced tiles/Snow Tile 5 768_3.asset using Guid(14edaf44487329446b6cd51d87185913) Importer(815301076,1909f56bfc062723c751e8b465ee728b) (PreviewImporter) -> (artifact id: '6deb1b6d798f3a0c01f85218f07255a4') in 0.0089026 seconds
Number of updated asset objects reloaded before import = 0Number of asset objects unloaded after import = 3

========================================================================
Received Import Request.
  Time since last request: 0.223781 seconds.
  path: Assets/sprites/tilemaps/sliced tiles/Snow Tile 6 768_5.asset
  artifactKey: Guid(13389bbbf458a8c4391187c2e74fda44) Importer(815301076,1909f56bfc062723c751e8b465ee728b)
Start importing Assets/sprites/tilemaps/sliced tiles/Snow Tile 6 768_5.asset using Guid(13389bbbf458a8c4391187c2e74fda44) Importer(815301076,1909f56bfc062723c751e8b465ee728b) (PreviewImporter) -> (artifact id: '9fd57e375c25d4c2cd121cade41c18a2') in 0.0125182 seconds
Number of updated asset objects reloaded before import = 0Number of asset objects unloaded after import = 3

========================================================================
Received Import Request.
  Time since last request: 0.000017 seconds.
  path: Assets/sprites/tilemaps/sliced tiles/Snow Tile 7 768_2.asset
  artifactKey: Guid(23df7c3b67ee44d4789be29a6485fbba) Importer(815301076,1909f56bfc062723c751e8b465ee728b)
Start importing Assets/sprites/tilemaps/sliced tiles/Snow Tile 7 768_2.asset using Guid(23df7c3b67ee44d4789be29a6485fbba) Importer(815301076,1909f56bfc062723c751e8b465ee728b) (PreviewImporter) -> (artifact id: 'c5161e7b8fc42531a27027363be4ef63') in 0.0112459 seconds
Number of updated asset objects reloaded before import = 0Number of asset objects unloaded after import = 3

========================================================================
Received Import Request.
  Time since last request: 0.000016 seconds.
  path: Assets/sprites/tilemaps/sliced tiles/Snow Tile 7 768_1.asset
  artifactKey: Guid(449d6ea447a0122438d83f2e10c2cca2) Importer(815301076,1909f56bfc062723c751e8b465ee728b)
Start importing Assets/sprites/tilemaps/sliced tiles/Snow Tile 7 768_1.asset using Guid(449d6ea447a0122438d83f2e10c2cca2) Importer(815301076,1909f56bfc062723c751e8b465ee728b) (PreviewImporter) -> (artifact id: '631749d65eb9b78b2d6cf01009f13b51') in 0.0123579 seconds
Number of updated asset objects reloaded before import = 0Number of asset objects unloaded after import = 3

========================================================================
Received Import Request.
  Time since last request: 0.063294 seconds.
  path: Assets/sprites/tilemaps/sliced tiles/Snow Tile 7 768_8.asset
  artifactKey: Guid(31deea9d76a14d54f8e5a487b1689d0d) Importer(815301076,1909f56bfc062723c751e8b465ee728b)
Start importing Assets/sprites/tilemaps/sliced tiles/Snow Tile 7 768_8.asset using Guid(31deea9d76a14d54f8e5a487b1689d0d) Importer(815301076,1909f56bfc062723c751e8b465ee728b) (PreviewImporter) -> (artifact id: 'd4fc0017f8f35d5cb7e2354eba4a090e') in 0.0199464 seconds
Number of updated asset objects reloaded before import = 0Number of asset objects unloaded after import = 3

========================================================================
Received Import Request.
  Time since last request: 0.000016 seconds.
  path: Assets/sprites/tilemaps/sliced tiles/Snow Tile 8 768_5.asset
  artifactKey: Guid(433cf846169cac043b5c731470fa8462) Importer(815301076,1909f56bfc062723c751e8b465ee728b)
Start importing Assets/sprites/tilemaps/sliced tiles/Snow Tile 8 768_5.asset using Guid(433cf846169cac043b5c731470fa8462) Importer(815301076,1909f56bfc062723c751e8b465ee728b) (PreviewImporter) -> (artifact id: '527fa264264af6dbb316150999871deb') in 0.015267 seconds
Number of updated asset objects reloaded before import = 0Number of asset objects unloaded after import = 3

========================================================================
Received Import Request.
  Time since last request: 0.000014 seconds.
  path: Assets/sprites/tilemaps/sliced tiles/Wood_House_1_1.asset
  artifactKey: Guid(55a38fdfc18dfc04da9e774eb15c8202) Importer(815301076,1909f56bfc062723c751e8b465ee728b)
Start importing Assets/sprites/tilemaps/sliced tiles/Wood_House_1_1.asset using Guid(55a38fdfc18dfc04da9e774eb15c8202) Importer(815301076,1909f56bfc062723c751e8b465ee728b) (PreviewImporter) -> (artifact id: '4b1d55894fba5177ad550e2d41f392e6') in 0.0143516 seconds
Number of updated asset objects reloaded before import = 0Number of asset objects unloaded after import = 3

========================================================================
Received Import Request.
  Time since last request: 0.000015 seconds.
  path: Assets/sprites/tilemaps/sliced tiles/Snow Tile 8 768_8.asset
  artifactKey: Guid(098ec50d9738b1040b5605bf9f058290) Importer(815301076,1909f56bfc062723c751e8b465ee728b)
Start importing Assets/sprites/tilemaps/sliced tiles/Snow Tile 8 768_8.asset using Guid(098ec50d9738b1040b5605bf9f058290) Importer(815301076,1909f56bfc062723c751e8b465ee728b) (PreviewImporter) -> (artifact id: 'df96590d70b17370dd725fd2b0041b60') in 0.0103242 seconds
Number of updated asset objects reloaded before import = 0Number of asset objects unloaded after import = 3

========================================================================
Received Import Request.
  Time since last request: 0.000017 seconds.
  path: Assets/sprites/tilemaps/sliced tiles/Snow Tile 8 768_4.asset
  artifactKey: Guid(3b223f816033764479920cb5620dd470) Importer(815301076,1909f56bfc062723c751e8b465ee728b)
Start importing Assets/sprites/tilemaps/sliced tiles/Snow Tile 8 768_4.asset using Guid(3b223f816033764479920cb5620dd470) Importer(815301076,1909f56bfc062723c751e8b465ee728b) (PreviewImporter) -> (artifact id: 'ab93b32f72f2feb0b730f14c8b78f566') in 0.0112704 seconds
Number of updated asset objects reloaded before import = 0Number of asset objects unloaded after import = 3

Editor requested this worker to shutdown with reason: Scaling down because of idle timeout
AssetImportWorker is now disconnected from the server
Process exiting
Exiting without the bug reporter. Application will terminate with return code 0