Using pre-set license
Built from '6000.0/staging' branch; Version is '6000.0.34f1 (5ab2d9ed9190) revision 5944025'; Using compiler version '193933523'; Build Type 'Release'
OS: 'Windows 11  (10.0.22631) 64bit CoreSingleLanguage' Language: 'en' Physical Memory: 15773 MB
BatchMode: 1, IsHumanControllingUs: 0, StartBugReporterOnCrash: 0, Is64bit: 1, IsPro: 1

COMMAND LINE ARGUMENTS:
D:\6000.0.34f1\Editor\Unity.exe
-adb2
-batchMode
-noUpm
-name
AssetImportWorker8
-projectPath
C:/Users/Teoh Wei Hong/Documents/Programming/Games/Project-Bubble/TeamBubble
-logFile
Logs/AssetImportWorker8.log
-srvPort
56565
-job-worker-count
7
-background-job-worker-count
8
-gc-helper-count
1
Successfully changed project path to: C:/Users/Teoh Wei Hong/Documents/Programming/Games/Project-Bubble/TeamBubble
C:/Users/Teoh Wei Hong/Documents/Programming/Games/Project-Bubble/TeamBubble
[UnityMemory] Configuration Parameters - Can be set up in boot.config
    "memorysetup-bucket-allocator-granularity=16"
    "memorysetup-bucket-allocator-bucket-count=8"
    "memorysetup-bucket-allocator-block-size=33554432"
    "memorysetup-bucket-allocator-block-count=8"
    "memorysetup-main-allocator-block-size=16777216"
    "memorysetup-thread-allocator-block-size=16777216"
    "memorysetup-gfx-main-allocator-block-size=16777216"
    "memorysetup-gfx-thread-allocator-block-size=16777216"
    "memorysetup-cache-allocator-block-size=4194304"
    "memorysetup-typetree-allocator-block-size=2097152"
    "memorysetup-profiler-bucket-allocator-granularity=16"
    "memorysetup-profiler-bucket-allocator-bucket-count=8"
    "memorysetup-profiler-bucket-allocator-block-size=33554432"
    "memorysetup-profiler-bucket-allocator-block-count=8"
    "memorysetup-profiler-allocator-block-size=16777216"
    "memorysetup-profiler-editor-allocator-block-size=1048576"
    "memorysetup-temp-allocator-size-main=16777216"
    "memorysetup-job-temp-allocator-block-size=2097152"
    "memorysetup-job-temp-allocator-block-size-background=1048576"
    "memorysetup-job-temp-allocator-reduction-small-platforms=262144"
    "memorysetup-allocator-temp-initial-block-size-main=262144"
    "memorysetup-allocator-temp-initial-block-size-worker=262144"
    "memorysetup-temp-allocator-size-background-worker=32768"
    "memorysetup-temp-allocator-size-job-worker=262144"
    "memorysetup-temp-allocator-size-preload-manager=33554432"
    "memorysetup-temp-allocator-size-nav-mesh-worker=65536"
    "memorysetup-temp-allocator-size-audio-worker=65536"
    "memorysetup-temp-allocator-size-cloud-worker=32768"
    "memorysetup-temp-allocator-size-gi-baking-worker=262144"
    "memorysetup-temp-allocator-size-gi-baking-worker=262144"
    "memorysetup-temp-allocator-size-gi-baking-worker=262144"
    "memorysetup-temp-allocator-size-gi-baking-worker=262144"
    "memorysetup-temp-allocator-size-gi-baking-worker=262144"
    "memorysetup-temp-allocator-size-gfx=262144"
Player connection [8636]  Target information:

Player connection [8636]  * "[IP] 192.168.68.112 [Port] 0 [Flags] 2 [Guid] 3676441542 [EditorId] 3676441542 [Version] 1048832 [Id] WindowsEditor(7,TeohWeiHong) [Debug] 1 [PackageName] WindowsEditor [ProjectName] Editor" 

Player connection [8636] Host joined multi-casting on [225.0.0.222:54997]...
Player connection [8636] Host joined alternative multi-casting on [225.0.0.222:34997]...
JobSystem: Creating JobQueue using job-worker-count value 7
Input System module state changed to: Initialized.
[Physics::Module] Initialized fallback backend.
[Physics::Module] Id: 0xdecafbad
Library Redirect Path: Library/
[Physics::Module] Selected backend.
[Physics::Module] Name: PhysX
[Physics::Module] Id: 0xf2b8ea05
[Physics::Module] SDK Version: 4.1.2
[Physics::Module] Integration Version: 1.0.0
[Physics::Module] Threading Mode: Multi-Threaded
Refreshing native plugins compatible for Editor in 3.93 ms, found 4 plugins.
Preloading 0 native plugins for Editor in 0.00 ms.
Initialize engine version: 6000.0.34f1 (5ab2d9ed9190)
[Subsystems] Discovering subsystems at path D:/6000.0.34f1/Editor/Data/Resources/UnitySubsystems
[Subsystems] Discovering subsystems at path C:/Users/Teoh Wei Hong/Documents/Programming/Games/Project-Bubble/TeamBubble/Assets
GfxDevice: creating device client; kGfxThreadingModeNonThreaded
Direct3D:
    Version:  Direct3D 11.0 [level 11.1]
    Renderer: NVIDIA GeForce RTX 3060 Laptop GPU (ID=0x2520)
    Vendor:   NVIDIA
    VRAM:     5996 MB
    Driver:   32.0.15.6607
Initialize mono
Mono path[0] = 'D:/6000.0.34f1/Editor/Data/Managed'
Mono path[1] = 'D:/6000.0.34f1/Editor/Data/MonoBleedingEdge/lib/mono/unityjit-win32'
Mono config path = 'D:/6000.0.34f1/Editor/Data/MonoBleedingEdge/etc'
Using monoOptions --debugger-agent=transport=dt_socket,embedding=1,server=y,suspend=n,address=127.0.0.1:56320
Begin MonoManager ReloadAssembly
Registering precompiled unity dll's ...
Register platform support module: D:/6000.0.34f1/Editor/Data/PlaybackEngines/WebGLSupport/UnityEditor.WebGL.Extensions.dll
Register platform support module: D:/6000.0.34f1/Editor/Data/PlaybackEngines/WindowsStandaloneSupport/UnityEditor.WindowsStandalone.Extensions.dll
Register platform support module: D:/6000.0.34f1/Editor/Data/PlaybackEngines/MetroSupport/UnityEditor.UWP.Extensions.dll
Registered in 0.003635 seconds.
- Loaded All Assemblies, in  0.434 seconds
Native extension for UWP target not found
Native extension for WindowsStandalone target not found
Native extension for WebGL target not found
Mono: successfully reloaded assembly
- Finished resetting the current domain, in  0.380 seconds
Domain Reload Profiling: 814ms
	BeginReloadAssembly (162ms)
		ExecutionOrderSort (0ms)
		DisableScriptedObjects (0ms)
		BackupInstance (0ms)
		ReleaseScriptingObjects (0ms)
		CreateAndSetChildDomain (1ms)
	RebuildCommonClasses (38ms)
	RebuildNativeTypeToScriptingClass (12ms)
	initialDomainReloadingComplete (49ms)
	LoadAllAssembliesAndSetupDomain (173ms)
		LoadAssemblies (163ms)
		RebuildTransferFunctionScriptingTraits (0ms)
		AnalyzeDomain (168ms)
			TypeCache.Refresh (167ms)
				TypeCache.ScanAssembly (154ms)
			BuildScriptInfoCaches (0ms)
			ResolveRequiredComponents (0ms)
	FinalizeReload (381ms)
		ReleaseScriptCaches (0ms)
		RebuildScriptCaches (0ms)
		SetupLoadedEditorAssemblies (336ms)
			LogAssemblyErrors (0ms)
			InitializePlatformSupportModulesInManaged (65ms)
			SetLoadedEditorAssemblies (4ms)
			BeforeProcessingInitializeOnLoad (59ms)
			ProcessInitializeOnLoadAttributes (150ms)
			ProcessInitializeOnLoadMethodAttributes (57ms)
			AfterProcessingInitializeOnLoad (0ms)
			EditorAssembliesLoaded (0ms)
		ExecutionOrderSort2 (0ms)
		AwakeInstancesAfterBackupRestoration (0ms)
========================================================================
Worker process is ready to serve import requests
Import Worker Mode flag is 0x00
Begin MonoManager ReloadAssembly
- Loaded All Assemblies, in  0.827 seconds
Refreshing native plugins compatible for Editor in 1.88 ms, found 4 plugins.
Native extension for UWP target not found
Native extension for WindowsStandalone target not found
Native extension for WebGL target not found
Mono: successfully reloaded assembly
- Finished resetting the current domain, in  0.842 seconds
Domain Reload Profiling: 1665ms
	BeginReloadAssembly (161ms)
		ExecutionOrderSort (0ms)
		DisableScriptedObjects (6ms)
		BackupInstance (0ms)
		ReleaseScriptingObjects (0ms)
		CreateAndSetChildDomain (31ms)
	RebuildCommonClasses (34ms)
	RebuildNativeTypeToScriptingClass (12ms)
	initialDomainReloadingComplete (36ms)
	LoadAllAssembliesAndSetupDomain (579ms)
		LoadAssemblies (387ms)
		RebuildTransferFunctionScriptingTraits (0ms)
		AnalyzeDomain (288ms)
			TypeCache.Refresh (188ms)
				TypeCache.ScanAssembly (172ms)
			BuildScriptInfoCaches (87ms)
			ResolveRequiredComponents (11ms)
	FinalizeReload (843ms)
		ReleaseScriptCaches (0ms)
		RebuildScriptCaches (0ms)
		SetupLoadedEditorAssemblies (698ms)
			LogAssemblyErrors (0ms)
			InitializePlatformSupportModulesInManaged (13ms)
			SetLoadedEditorAssemblies (5ms)
			BeforeProcessingInitializeOnLoad (118ms)
			ProcessInitializeOnLoadAttributes (446ms)
			ProcessInitializeOnLoadMethodAttributes (114ms)
			AfterProcessingInitializeOnLoad (2ms)
			EditorAssembliesLoaded (0ms)
		ExecutionOrderSort2 (0ms)
		AwakeInstancesAfterBackupRestoration (7ms)
Launched and connected shader compiler UnityShaderCompiler.exe after 0.01 seconds
Refreshing native plugins compatible for Editor in 3.21 ms, found 4 plugins.
Preloading 0 native plugins for Editor in 0.00 ms.
Unloading 221 Unused Serialized files (Serialized files now loaded: 0)
Unloading 6567 unused Assets / (5.0 MB). Loaded Objects now: 7299.
Memory consumption went from 184.4 MB to 179.4 MB.
Total: 12.812400 ms (FindLiveObjects: 1.574900 ms CreateObjectMapping: 1.542600 ms MarkObjects: 6.721400 ms  DeleteObjects: 2.972000 ms)

========================================================================
Received Import Request.
  Time since last request: 60618.015248 seconds.
  path: Assets/sprites/UI/Armor_Bar_UI.png
  artifactKey: Guid(883d10e16c583aa478f050b285d6fb80) Importer(815301076,1909f56bfc062723c751e8b465ee728b)
Start importing Assets/sprites/UI/Armor_Bar_UI.png using Guid(883d10e16c583aa478f050b285d6fb80) Importer(815301076,1909f56bfc062723c751e8b465ee728b) (PreviewImporter) -> (artifact id: 'd77eaef3d9f84151a991b9d89fedda62') in 0.083287 seconds
Number of updated asset objects reloaded before import = 0Number of asset objects unloaded after import = 3

========================================================================
Received Import Request.
  Time since last request: 68.169076 seconds.
  path: Assets/sprites/UI/HP_Bar_UI.png
  artifactKey: Guid(0874d6d20043f22478d05f7bbdb47e02) Importer(815301076,1909f56bfc062723c751e8b465ee728b)
Start importing Assets/sprites/UI/HP_Bar_UI.png using Guid(0874d6d20043f22478d05f7bbdb47e02) Importer(815301076,1909f56bfc062723c751e8b465ee728b) (PreviewImporter) -> (artifact id: '675bf7ddff0118f719e7220e3a75fad2') in 0.009549 seconds
Number of updated asset objects reloaded before import = 0Number of asset objects unloaded after import = 3

========================================================================
Received Import Request.
  Time since last request: 212.320852 seconds.
  path: Assets/sprites/tilemaps/Wood_House_1.png
  artifactKey: Guid(7d31e3b6784933f4db49e21fe29f4988) Importer(815301076,1909f56bfc062723c751e8b465ee728b)
Start importing Assets/sprites/tilemaps/Wood_House_1.png using Guid(7d31e3b6784933f4db49e21fe29f4988) Importer(815301076,1909f56bfc062723c751e8b465ee728b) (PreviewImporter) -> (artifact id: '0a9e4f7da8b912d09813ec1c7136da64') in 0.0117908 seconds
Number of updated asset objects reloaded before import = 0Number of asset objects unloaded after import = 3

========================================================================
Received Import Request.
  Time since last request: 20.578187 seconds.
  path: Assets/sprites/tilemaps/Wood_House_1.png
  artifactKey: Guid(7d31e3b6784933f4db49e21fe29f4988) Importer(815301076,1909f56bfc062723c751e8b465ee728b)
Start importing Assets/sprites/tilemaps/Wood_House_1.png using Guid(7d31e3b6784933f4db49e21fe29f4988) Importer(815301076,1909f56bfc062723c751e8b465ee728b) (PreviewImporter) -> (artifact id: 'c34b607d2da923b767517ed57296e7e9') in 0.0340517 seconds
Number of updated asset objects reloaded before import = 0Number of asset objects unloaded after import = 11

========================================================================
Received Import Request.
  Time since last request: 29.762237 seconds.
  path: Assets/sprites/tilemaps/sliced tiles/Wood_House_1_0.asset
  artifactKey: Guid(3d2b912b5c76df841b059da7faad261a) Importer(815301076,1909f56bfc062723c751e8b465ee728b)
Start importing Assets/sprites/tilemaps/sliced tiles/Wood_House_1_0.asset using Guid(3d2b912b5c76df841b059da7faad261a) Importer(815301076,1909f56bfc062723c751e8b465ee728b) (PreviewImporter) -> (artifact id: '761cd2990c53458736c025b4211355c2') in 0.0182387 seconds
Number of updated asset objects reloaded before import = 0Number of asset objects unloaded after import = 3

========================================================================
Received Import Request.
  Time since last request: 0.000017 seconds.
  path: Assets/sprites/tilemaps/sliced tiles/Wood_House_1_2.asset
  artifactKey: Guid(c8e62690fc1f8054c94f4fd98df7df86) Importer(815301076,1909f56bfc062723c751e8b465ee728b)
Start importing Assets/sprites/tilemaps/sliced tiles/Wood_House_1_2.asset using Guid(c8e62690fc1f8054c94f4fd98df7df86) Importer(815301076,1909f56bfc062723c751e8b465ee728b) (PreviewImporter) -> (artifact id: '53276fa193d2c28c644fc79d4cc491f3') in 0.0106238 seconds
Number of updated asset objects reloaded before import = 0Number of asset objects unloaded after import = 3

========================================================================
Received Import Request.
  Time since last request: 0.000020 seconds.
  path: Assets/sprites/tilemaps/sliced tiles/Wood_House_1_4.asset
  artifactKey: Guid(6776bf4f4876aa5498ea06b4e1386989) Importer(815301076,1909f56bfc062723c751e8b465ee728b)
Start importing Assets/sprites/tilemaps/sliced tiles/Wood_House_1_4.asset using Guid(6776bf4f4876aa5498ea06b4e1386989) Importer(815301076,1909f56bfc062723c751e8b465ee728b) (PreviewImporter) -> (artifact id: '4994e3cb347b62f93f9fd7cb4de1a7fa') in 0.0082129 seconds
Number of updated asset objects reloaded before import = 0Number of asset objects unloaded after import = 3

========================================================================
Received Import Request.
  Time since last request: 0.000026 seconds.
  path: Assets/sprites/tilemaps/sliced tiles/Wood_House_1_3.asset
  artifactKey: Guid(853ad9d6c00fe6644a5efd4bcb4b81d3) Importer(815301076,1909f56bfc062723c751e8b465ee728b)
Start importing Assets/sprites/tilemaps/sliced tiles/Wood_House_1_3.asset using Guid(853ad9d6c00fe6644a5efd4bcb4b81d3) Importer(815301076,1909f56bfc062723c751e8b465ee728b) (PreviewImporter) -> (artifact id: '313ee232cdc40a53de59debbd5caaaa4') in 0.0085685 seconds
Number of updated asset objects reloaded before import = 0Number of asset objects unloaded after import = 3

========================================================================
Received Import Request.
  Time since last request: 0.180291 seconds.
  path: Assets/sprites/tilemaps/sliced tiles/Wood_House_1_6.asset
  artifactKey: Guid(522790cc1a57321449a325901898993b) Importer(815301076,1909f56bfc062723c751e8b465ee728b)
Start importing Assets/sprites/tilemaps/sliced tiles/Wood_House_1_6.asset using Guid(522790cc1a57321449a325901898993b) Importer(815301076,1909f56bfc062723c751e8b465ee728b) (PreviewImporter) -> (artifact id: '189c113ca60f94dcf712701293d74162') in 0.010809 seconds
Number of updated asset objects reloaded before import = 0Number of asset objects unloaded after import = 3

========================================================================
Received Import Request.
  Time since last request: 16.533172 seconds.
  path: Assets/sprites/tilemaps/sliced tiles/Snow_Tile_1_Clean_256_x_256.png
  artifactKey: Guid(53f92a6a82d832448992e41df5f4cf34) Importer(815301076,1909f56bfc062723c751e8b465ee728b)
Start importing Assets/sprites/tilemaps/sliced tiles/Snow_Tile_1_Clean_256_x_256.png using Guid(53f92a6a82d832448992e41df5f4cf34) Importer(815301076,1909f56bfc062723c751e8b465ee728b) (PreviewImporter) -> (artifact id: '1307a86987cbec3dc5ea449f220315c0') in 0.0111297 seconds
Number of updated asset objects reloaded before import = 0Number of asset objects unloaded after import = 3

========================================================================
Received Import Request.
  Time since last request: 5.689163 seconds.
  path: Assets/sprites/tilemaps/sliced tiles/Snow_Tile_1_Clean_256_x_256_0.asset
  artifactKey: Guid(75763889d5898224fba01ef53138fb3e) Importer(815301076,1909f56bfc062723c751e8b465ee728b)
Start importing Assets/sprites/tilemaps/sliced tiles/Snow_Tile_1_Clean_256_x_256_0.asset using Guid(75763889d5898224fba01ef53138fb3e) Importer(815301076,1909f56bfc062723c751e8b465ee728b) (PreviewImporter) -> (artifact id: '7e8e40c04c3a966396b7cf21438fb480') in 0.0084325 seconds
Number of updated asset objects reloaded before import = 0Number of asset objects unloaded after import = 3

========================================================================
Received Import Request.
  Time since last request: 38.388164 seconds.
  path: Assets/sprites/tilemaps/sliced tiles/Tree_Tile_256_x_256.png
  artifactKey: Guid(0088fb38b68824f498b02830a406a0ee) Importer(815301076,1909f56bfc062723c751e8b465ee728b)
Start importing Assets/sprites/tilemaps/sliced tiles/Tree_Tile_256_x_256.png using Guid(0088fb38b68824f498b02830a406a0ee) Importer(815301076,1909f56bfc062723c751e8b465ee728b) (PreviewImporter) -> (artifact id: '5ca798177cfedf7ac76d49fb15fb0b9a') in 0.0106513 seconds
Number of updated asset objects reloaded before import = 0Number of asset objects unloaded after import = 3

========================================================================
Received Import Request.
  Time since last request: 0.024545 seconds.
  path: Assets/sprites/tilemaps/sliced tiles/Tree_Tile_256_x_256_0.asset
  artifactKey: Guid(f28d5aea179fac0468c4f247f6a8afbc) Importer(815301076,1909f56bfc062723c751e8b465ee728b)
Start importing Assets/sprites/tilemaps/sliced tiles/Tree_Tile_256_x_256_0.asset using Guid(f28d5aea179fac0468c4f247f6a8afbc) Importer(815301076,1909f56bfc062723c751e8b465ee728b) (PreviewImporter) -> (artifact id: '1a79e359def97fcf630f1bd46cbaa2c1') in 0.0024611 seconds
Number of updated asset objects reloaded before import = 0Number of asset objects unloaded after import = 1

========================================================================
Received Import Request.
  Time since last request: 5.865301 seconds.
  path: Assets/sprites/tilemaps/sliced tiles/Tree_Tile_256_x_256.asset
  artifactKey: Guid(569a75439a25c48479825505f000277e) Importer(815301076,1909f56bfc062723c751e8b465ee728b)
Start importing Assets/sprites/tilemaps/sliced tiles/Tree_Tile_256_x_256.asset using Guid(569a75439a25c48479825505f000277e) Importer(815301076,1909f56bfc062723c751e8b465ee728b) (PreviewImporter) -> (artifact id: '2a046fc7b07975bcb9bf306261585f87') in 0.007043 seconds
Number of updated asset objects reloaded before import = 0Number of asset objects unloaded after import = 3

========================================================================
Received Import Request.
  Time since last request: 208.186274 seconds.
  path: ProjectSettings/TagManager.asset
  artifactKey: Guid(00000000000000003000000000000000) Importer(815301076,1909f56bfc062723c751e8b465ee728b)
Start importing ProjectSettings/TagManager.asset using Guid(00000000000000003000000000000000) Importer(815301076,1909f56bfc062723c751e8b465ee728b) (PreviewImporter) -> (artifact id: '1b8aa50559c228968e34ca79654496c6') in 0.0026836 seconds
Number of updated asset objects reloaded before import = 0Number of asset objects unloaded after import = 0

========================================================================
Received Import Request.
  Time since last request: 1108.998061 seconds.
  path: Assets/sprites/tilemaps/Wood_House_1.png
  artifactKey: Guid(7d31e3b6784933f4db49e21fe29f4988) Importer(815301076,1909f56bfc062723c751e8b465ee728b)
Start importing Assets/sprites/tilemaps/Wood_House_1.png using Guid(7d31e3b6784933f4db49e21fe29f4988) Importer(815301076,1909f56bfc062723c751e8b465ee728b) (PreviewImporter) -> (artifact id: 'df9f1678b25f6e976cf337351b2da45d') in 0.0678188 seconds
Number of updated asset objects reloaded before import = 0Number of asset objects unloaded after import = 11

========================================================================
Received Import Request.
  Time since last request: 0.494613 seconds.
  path: Assets/sprites/tilemaps/sliced tiles/Rock_Tiles_256_x_256.png
  artifactKey: Guid(9f0168d76daab39499d4f816e5cfa99e) Importer(815301076,1909f56bfc062723c751e8b465ee728b)
Start importing Assets/sprites/tilemaps/sliced tiles/Rock_Tiles_256_x_256.png using Guid(9f0168d76daab39499d4f816e5cfa99e) Importer(815301076,1909f56bfc062723c751e8b465ee728b) (PreviewImporter) -> (artifact id: '90a642d12307f3371e6f8f8564a66f1b') in 0.0266254 seconds
Number of updated asset objects reloaded before import = 0Number of asset objects unloaded after import = 3

========================================================================
Received Import Request.
  Time since last request: 9.064378 seconds.
  path: Assets/sprites/tilemaps/sliced tiles/Rock_Tiles_256_x_256.png
  artifactKey: Guid(9f0168d76daab39499d4f816e5cfa99e) Importer(815301076,1909f56bfc062723c751e8b465ee728b)
Start importing Assets/sprites/tilemaps/sliced tiles/Rock_Tiles_256_x_256.png using Guid(9f0168d76daab39499d4f816e5cfa99e) Importer(815301076,1909f56bfc062723c751e8b465ee728b) (PreviewImporter) -> (artifact id: 'c00da2ecad6f6107fd56092f7aaeaa77') in 0.0153148 seconds
Number of updated asset objects reloaded before import = 0Number of asset objects unloaded after import = 3

========================================================================
Received Import Request.
  Time since last request: 5.698298 seconds.
  path: Assets/sprites/tilemaps/sliced tiles/Rock_Tiles_256_x_256.asset
  artifactKey: Guid(4fffc4bc94d4343439351b9e77a6c9c6) Importer(815301076,1909f56bfc062723c751e8b465ee728b)
Start importing Assets/sprites/tilemaps/sliced tiles/Rock_Tiles_256_x_256.asset using Guid(4fffc4bc94d4343439351b9e77a6c9c6) Importer(815301076,1909f56bfc062723c751e8b465ee728b) (PreviewImporter) -> (artifact id: '1829ab097c55fb40b045127cc7d5fa7d') in 0.0114943 seconds
Number of updated asset objects reloaded before import = 0Number of asset objects unloaded after import = 3

========================================================================
Received Import Request.
  Time since last request: 932.367065 seconds.
  path: Assets/sprites/tilemaps/sliced tiles/red-box-1.jpg
  artifactKey: Guid(2e548c340fb54b24bb2c984de468cb01) Importer(815301076,1909f56bfc062723c751e8b465ee728b)
Start importing Assets/sprites/tilemaps/sliced tiles/red-box-1.jpg using Guid(2e548c340fb54b24bb2c984de468cb01) Importer(815301076,1909f56bfc062723c751e8b465ee728b) (PreviewImporter) -> (artifact id: '935ce07052d83cff479b7c457ab573ac') in 0.0162752 seconds
Number of updated asset objects reloaded before import = 0Number of asset objects unloaded after import = 3

========================================================================
Received Import Request.
  Time since last request: 16.229448 seconds.
  path: Assets/sprites/tilemaps/sliced tiles/red-box-1.jpg
  artifactKey: Guid(2e548c340fb54b24bb2c984de468cb01) Importer(815301076,1909f56bfc062723c751e8b465ee728b)
Start importing Assets/sprites/tilemaps/sliced tiles/red-box-1.jpg using Guid(2e548c340fb54b24bb2c984de468cb01) Importer(815301076,1909f56bfc062723c751e8b465ee728b) (PreviewImporter) -> (artifact id: '73667f258067c994e9532899fb21619c') in 0.0128903 seconds
Number of updated asset objects reloaded before import = 0Number of asset objects unloaded after import = 3

========================================================================
Received Import Request.
  Time since last request: 260.144250 seconds.
  path: Assets/sprites/tilemaps/sliced tiles/red-box-1.asset
  artifactKey: Guid(166bd9f9f7505df42abcac8d1dd35e21) Importer(815301076,1909f56bfc062723c751e8b465ee728b)
Start importing Assets/sprites/tilemaps/sliced tiles/red-box-1.asset using Guid(166bd9f9f7505df42abcac8d1dd35e21) Importer(815301076,1909f56bfc062723c751e8b465ee728b) (PreviewImporter) -> (artifact id: 'ed73e787136276261e983a6ea9062f42') in 0.0100539 seconds
Number of updated asset objects reloaded before import = 0Number of asset objects unloaded after import = 3

