Using pre-set license
Built from '6000.0/staging' branch; Version is '6000.0.34f1 (5ab2d9ed9190) revision 5944025'; Using compiler version '193933523'; Build Type 'Release'
OS: 'Windows 11  (10.0.22631) 64bit CoreSingleLanguage' Language: 'en' Physical Memory: 15773 MB
BatchMode: 1, IsHumanControllingUs: 0, StartBugReporterOnCrash: 0, Is64bit: 1, IsPro: 1

COMMAND LINE ARGUMENTS:
D:\6000.0.34f1\Editor\Unity.exe
-adb2
-batchMode
-noUpm
-name
AssetImportWorker7
-projectPath
C:/Users/Teoh Wei Hong/Documents/Programming/Games/Project-Bubble/TeamBubble
-logFile
Logs/AssetImportWorker7.log
-srvPort
56565
-job-worker-count
7
-background-job-worker-count
8
-gc-helper-count
1
Successfully changed project path to: C:/Users/Teoh Wei Hong/Documents/Programming/Games/Project-Bubble/TeamBubble
C:/Users/Teoh Wei Hong/Documents/Programming/Games/Project-Bubble/TeamBubble
[UnityMemory] Configuration Parameters - Can be set up in boot.config
    "memorysetup-bucket-allocator-granularity=16"
    "memorysetup-bucket-allocator-bucket-count=8"
    "memorysetup-bucket-allocator-block-size=33554432"
    "memorysetup-bucket-allocator-block-count=8"
    "memorysetup-main-allocator-block-size=16777216"
    "memorysetup-thread-allocator-block-size=16777216"
    "memorysetup-gfx-main-allocator-block-size=16777216"
    "memorysetup-gfx-thread-allocator-block-size=16777216"
    "memorysetup-cache-allocator-block-size=4194304"
    "memorysetup-typetree-allocator-block-size=2097152"
    "memorysetup-profiler-bucket-allocator-granularity=16"
    "memorysetup-profiler-bucket-allocator-bucket-count=8"
    "memorysetup-profiler-bucket-allocator-block-size=33554432"
    "memorysetup-profiler-bucket-allocator-block-count=8"
    "memorysetup-profiler-allocator-block-size=16777216"
    "memorysetup-profiler-editor-allocator-block-size=1048576"
    "memorysetup-temp-allocator-size-main=16777216"
    "memorysetup-job-temp-allocator-block-size=2097152"
    "memorysetup-job-temp-allocator-block-size-background=1048576"
    "memorysetup-job-temp-allocator-reduction-small-platforms=262144"
    "memorysetup-allocator-temp-initial-block-size-main=262144"
    "memorysetup-allocator-temp-initial-block-size-worker=262144"
    "memorysetup-temp-allocator-size-background-worker=32768"
    "memorysetup-temp-allocator-size-job-worker=262144"
    "memorysetup-temp-allocator-size-preload-manager=33554432"
    "memorysetup-temp-allocator-size-nav-mesh-worker=65536"
    "memorysetup-temp-allocator-size-audio-worker=65536"
    "memorysetup-temp-allocator-size-cloud-worker=32768"
    "memorysetup-temp-allocator-size-gi-baking-worker=262144"
    "memorysetup-temp-allocator-size-gi-baking-worker=262144"
    "memorysetup-temp-allocator-size-gi-baking-worker=262144"
    "memorysetup-temp-allocator-size-gi-baking-worker=262144"
    "memorysetup-temp-allocator-size-gi-baking-worker=262144"
    "memorysetup-temp-allocator-size-gfx=262144"
Player connection [15256]  Target information:

Player connection [15256]  * "[IP] 192.168.68.112 [Port] 0 [Flags] 2 [Guid] 2007375494 [EditorId] 2007375494 [Version] 1048832 [Id] WindowsEditor(7,TeohWeiHong) [Debug] 1 [PackageName] WindowsEditor [ProjectName] Editor" 

Player connection [15256] Host joined multi-casting on [225.0.0.222:54997]...
Player connection [15256] Host joined alternative multi-casting on [225.0.0.222:34997]...
JobSystem: Creating JobQueue using job-worker-count value 7
Input System module state changed to: Initialized.
[Physics::Module] Initialized fallback backend.
[Physics::Module] Id: 0xdecafbad
Library Redirect Path: Library/
[Physics::Module] Selected backend.
[Physics::Module] Name: PhysX
[Physics::Module] Id: 0xf2b8ea05
[Physics::Module] SDK Version: 4.1.2
[Physics::Module] Integration Version: 1.0.0
[Physics::Module] Threading Mode: Multi-Threaded
Refreshing native plugins compatible for Editor in 4.80 ms, found 4 plugins.
Preloading 0 native plugins for Editor in 0.00 ms.
Initialize engine version: 6000.0.34f1 (5ab2d9ed9190)
[Subsystems] Discovering subsystems at path D:/6000.0.34f1/Editor/Data/Resources/UnitySubsystems
[Subsystems] Discovering subsystems at path C:/Users/Teoh Wei Hong/Documents/Programming/Games/Project-Bubble/TeamBubble/Assets
GfxDevice: creating device client; kGfxThreadingModeNonThreaded
Direct3D:
    Version:  Direct3D 11.0 [level 11.1]
    Renderer: NVIDIA GeForce RTX 3060 Laptop GPU (ID=0x2520)
    Vendor:   NVIDIA
    VRAM:     5996 MB
    Driver:   32.0.15.6607
Initialize mono
Mono path[0] = 'D:/6000.0.34f1/Editor/Data/Managed'
Mono path[1] = 'D:/6000.0.34f1/Editor/Data/MonoBleedingEdge/lib/mono/unityjit-win32'
Mono config path = 'D:/6000.0.34f1/Editor/Data/MonoBleedingEdge/etc'
Using monoOptions --debugger-agent=transport=dt_socket,embedding=1,server=y,suspend=n,address=127.0.0.1:56892
Begin MonoManager ReloadAssembly
Registering precompiled unity dll's ...
Register platform support module: D:/6000.0.34f1/Editor/Data/PlaybackEngines/WebGLSupport/UnityEditor.WebGL.Extensions.dll
Register platform support module: D:/6000.0.34f1/Editor/Data/PlaybackEngines/WindowsStandaloneSupport/UnityEditor.WindowsStandalone.Extensions.dll
Register platform support module: D:/6000.0.34f1/Editor/Data/PlaybackEngines/MetroSupport/UnityEditor.UWP.Extensions.dll
Registered in 0.004037 seconds.
- Loaded All Assemblies, in  1.453 seconds
Native extension for UWP target not found
Native extension for WindowsStandalone target not found
Native extension for WebGL target not found
Mono: successfully reloaded assembly
- Finished resetting the current domain, in  0.409 seconds
Domain Reload Profiling: 1861ms
	BeginReloadAssembly (187ms)
		ExecutionOrderSort (0ms)
		DisableScriptedObjects (0ms)
		BackupInstance (0ms)
		ReleaseScriptingObjects (0ms)
		CreateAndSetChildDomain (1ms)
	RebuildCommonClasses (261ms)
	RebuildNativeTypeToScriptingClass (14ms)
	initialDomainReloadingComplete (64ms)
	LoadAllAssembliesAndSetupDomain (927ms)
		LoadAssemblies (186ms)
		RebuildTransferFunctionScriptingTraits (0ms)
		AnalyzeDomain (923ms)
			TypeCache.Refresh (922ms)
				TypeCache.ScanAssembly (907ms)
			BuildScriptInfoCaches (0ms)
			ResolveRequiredComponents (0ms)
	FinalizeReload (409ms)
		ReleaseScriptCaches (0ms)
		RebuildScriptCaches (0ms)
		SetupLoadedEditorAssemblies (354ms)
			LogAssemblyErrors (0ms)
			InitializePlatformSupportModulesInManaged (76ms)
			SetLoadedEditorAssemblies (5ms)
			BeforeProcessingInitializeOnLoad (55ms)
			ProcessInitializeOnLoadAttributes (160ms)
			ProcessInitializeOnLoadMethodAttributes (59ms)
			AfterProcessingInitializeOnLoad (0ms)
			EditorAssembliesLoaded (0ms)
		ExecutionOrderSort2 (0ms)
		AwakeInstancesAfterBackupRestoration (0ms)
========================================================================
Worker process is ready to serve import requests
Import Worker Mode flag is 0x00
Begin MonoManager ReloadAssembly
- Loaded All Assemblies, in  1.059 seconds
Refreshing native plugins compatible for Editor in 2.05 ms, found 4 plugins.
Native extension for UWP target not found
Native extension for WindowsStandalone target not found
Native extension for WebGL target not found
Mono: successfully reloaded assembly
- Finished resetting the current domain, in  0.861 seconds
Domain Reload Profiling: 1909ms
	BeginReloadAssembly (188ms)
		ExecutionOrderSort (0ms)
		DisableScriptedObjects (7ms)
		BackupInstance (0ms)
		ReleaseScriptingObjects (0ms)
		CreateAndSetChildDomain (36ms)
	RebuildCommonClasses (42ms)
	RebuildNativeTypeToScriptingClass (15ms)
	initialDomainReloadingComplete (51ms)
	LoadAllAssembliesAndSetupDomain (751ms)
		LoadAssemblies (491ms)
		RebuildTransferFunctionScriptingTraits (0ms)
		AnalyzeDomain (375ms)
			TypeCache.Refresh (256ms)
				TypeCache.ScanAssembly (234ms)
			BuildScriptInfoCaches (101ms)
			ResolveRequiredComponents (15ms)
	FinalizeReload (862ms)
		ReleaseScriptCaches (0ms)
		RebuildScriptCaches (0ms)
		SetupLoadedEditorAssemblies (710ms)
			LogAssemblyErrors (0ms)
			InitializePlatformSupportModulesInManaged (13ms)
			SetLoadedEditorAssemblies (5ms)
			BeforeProcessingInitializeOnLoad (123ms)
			ProcessInitializeOnLoadAttributes (435ms)
			ProcessInitializeOnLoadMethodAttributes (132ms)
			AfterProcessingInitializeOnLoad (2ms)
			EditorAssembliesLoaded (0ms)
		ExecutionOrderSort2 (0ms)
		AwakeInstancesAfterBackupRestoration (8ms)
Launched and connected shader compiler UnityShaderCompiler.exe after 0.01 seconds
Refreshing native plugins compatible for Editor in 2.17 ms, found 4 plugins.
Preloading 0 native plugins for Editor in 0.00 ms.
Unloading 221 Unused Serialized files (Serialized files now loaded: 0)
Unloading 6567 unused Assets / (4.8 MB). Loaded Objects now: 7299.
Memory consumption went from 182.3 MB to 177.5 MB.
Total: 10.399400 ms (FindLiveObjects: 0.989000 ms CreateObjectMapping: 0.716000 ms MarkObjects: 6.060000 ms  DeleteObjects: 2.632700 ms)

========================================================================
Received Import Request.
  Time since last request: 60204.272460 seconds.
  path: Assets/sprites/tilemaps/sliced tiles/Snow Tile 1 768_3.asset
  artifactKey: Guid(f8a4e63f9c83d3e44a62e763372cc190) Importer(815301076,1909f56bfc062723c751e8b465ee728b)
Start importing Assets/sprites/tilemaps/sliced tiles/Snow Tile 1 768_3.asset using Guid(f8a4e63f9c83d3e44a62e763372cc190) Importer(815301076,1909f56bfc062723c751e8b465ee728b) (PreviewImporter) -> (artifact id: '547be9cf0a13c12d16b698fa79c40e57') in 0.0748058 seconds
Number of updated asset objects reloaded before import = 0Number of asset objects unloaded after import = 3

========================================================================
Received Import Request.
  Time since last request: 0.000017 seconds.
  path: Assets/sprites/tilemaps/sliced tiles/Snow Tile 1 768_4.asset
  artifactKey: Guid(544521feb3ffc9c44aeae661941ab4ed) Importer(815301076,1909f56bfc062723c751e8b465ee728b)
Start importing Assets/sprites/tilemaps/sliced tiles/Snow Tile 1 768_4.asset using Guid(544521feb3ffc9c44aeae661941ab4ed) Importer(815301076,1909f56bfc062723c751e8b465ee728b) (PreviewImporter) -> (artifact id: '1857570b5b6bc2825cd804f90276f9cf') in 0.0077625 seconds
Number of updated asset objects reloaded before import = 0Number of asset objects unloaded after import = 3

========================================================================
Received Import Request.
  Time since last request: 0.000019 seconds.
  path: Assets/sprites/tilemaps/sliced tiles/Snow Tile 2 768_5.asset
  artifactKey: Guid(9f685c55892100d408442c6805cb0e73) Importer(815301076,1909f56bfc062723c751e8b465ee728b)
Start importing Assets/sprites/tilemaps/sliced tiles/Snow Tile 2 768_5.asset using Guid(9f685c55892100d408442c6805cb0e73) Importer(815301076,1909f56bfc062723c751e8b465ee728b) (PreviewImporter) -> (artifact id: 'e390020f7b02fe61d895902d84514769') in 0.0104778 seconds
Number of updated asset objects reloaded before import = 0Number of asset objects unloaded after import = 3

========================================================================
Received Import Request.
  Time since last request: 0.000026 seconds.
  path: Assets/sprites/tilemaps/sliced tiles/Snow Tile 5 768_1.asset
  artifactKey: Guid(3601df25cc35c0f499c213f9c2534e18) Importer(815301076,1909f56bfc062723c751e8b465ee728b)
Start importing Assets/sprites/tilemaps/sliced tiles/Snow Tile 5 768_1.asset using Guid(3601df25cc35c0f499c213f9c2534e18) Importer(815301076,1909f56bfc062723c751e8b465ee728b) (PreviewImporter) -> (artifact id: '466245ad27914013d678c43934d839bd') in 0.0108173 seconds
Number of updated asset objects reloaded before import = 0Number of asset objects unloaded after import = 3

========================================================================
Received Import Request.
  Time since last request: 0.000026 seconds.
  path: Assets/sprites/tilemaps/sliced tiles/Snow Tile 2 768_2.asset
  artifactKey: Guid(c3d3732405c785947a28483e6aab78b3) Importer(815301076,1909f56bfc062723c751e8b465ee728b)
Start importing Assets/sprites/tilemaps/sliced tiles/Snow Tile 2 768_2.asset using Guid(c3d3732405c785947a28483e6aab78b3) Importer(815301076,1909f56bfc062723c751e8b465ee728b) (PreviewImporter) -> (artifact id: 'a313af14d5768259a1fe414b986ade51') in 0.0091517 seconds
Number of updated asset objects reloaded before import = 0Number of asset objects unloaded after import = 3

========================================================================
Received Import Request.
  Time since last request: 0.000036 seconds.
  path: Assets/sprites/tilemaps/sliced tiles/Snow Tile 5 768_8.asset
  artifactKey: Guid(17f6fc062b2f3364ebd81d6d80fe6bcd) Importer(815301076,1909f56bfc062723c751e8b465ee728b)
Start importing Assets/sprites/tilemaps/sliced tiles/Snow Tile 5 768_8.asset using Guid(17f6fc062b2f3364ebd81d6d80fe6bcd) Importer(815301076,1909f56bfc062723c751e8b465ee728b) (PreviewImporter) -> (artifact id: '7fc3c1593a3f7916c80d1bef0621bdbc') in 0.0134291 seconds
Number of updated asset objects reloaded before import = 0Number of asset objects unloaded after import = 3

========================================================================
Received Import Request.
  Time since last request: 0.000016 seconds.
  path: Assets/sprites/tilemaps/sliced tiles/Snow Tile 6 768_1.asset
  artifactKey: Guid(dc864751edce759499abcb7cc1a9eaa3) Importer(815301076,1909f56bfc062723c751e8b465ee728b)
Start importing Assets/sprites/tilemaps/sliced tiles/Snow Tile 6 768_1.asset using Guid(dc864751edce759499abcb7cc1a9eaa3) Importer(815301076,1909f56bfc062723c751e8b465ee728b) (PreviewImporter) -> (artifact id: 'c5168f8aecf58471ef3be7c14481642c') in 0.0095756 seconds
Number of updated asset objects reloaded before import = 0Number of asset objects unloaded after import = 3

========================================================================
Received Import Request.
  Time since last request: 0.000014 seconds.
  path: Assets/sprites/tilemaps/sliced tiles/Snow Tile 2 768_1.asset
  artifactKey: Guid(88751c48029c06346b17093ecf0cdb52) Importer(815301076,1909f56bfc062723c751e8b465ee728b)
Start importing Assets/sprites/tilemaps/sliced tiles/Snow Tile 2 768_1.asset using Guid(88751c48029c06346b17093ecf0cdb52) Importer(815301076,1909f56bfc062723c751e8b465ee728b) (PreviewImporter) -> (artifact id: 'b9444567c7ebca3910d04f620995ccb8') in 0.0093785 seconds
Number of updated asset objects reloaded before import = 0Number of asset objects unloaded after import = 3

========================================================================
Received Import Request.
  Time since last request: 0.000016 seconds.
  path: Assets/sprites/tilemaps/sliced tiles/Snow Tile 4 768_2.asset
  artifactKey: Guid(7649ff60fd8ab6e4da96d7c349c0a54e) Importer(815301076,1909f56bfc062723c751e8b465ee728b)
Start importing Assets/sprites/tilemaps/sliced tiles/Snow Tile 4 768_2.asset using Guid(7649ff60fd8ab6e4da96d7c349c0a54e) Importer(815301076,1909f56bfc062723c751e8b465ee728b) (PreviewImporter) -> (artifact id: '585fe844e92aa5fdc34c678cda07eb3c') in 0.0080974 seconds
Number of updated asset objects reloaded before import = 0Number of asset objects unloaded after import = 3

========================================================================
Received Import Request.
  Time since last request: 0.000028 seconds.
  path: Assets/sprites/tilemaps/sliced tiles/Snow Tile 4 768_3.asset
  artifactKey: Guid(a4955902571608845ba5f7c1e11b0f1f) Importer(815301076,1909f56bfc062723c751e8b465ee728b)
Start importing Assets/sprites/tilemaps/sliced tiles/Snow Tile 4 768_3.asset using Guid(a4955902571608845ba5f7c1e11b0f1f) Importer(815301076,1909f56bfc062723c751e8b465ee728b) (PreviewImporter) -> (artifact id: 'da169b549e6793fea0e374c4109f9057') in 0.0098969 seconds
Number of updated asset objects reloaded before import = 0Number of asset objects unloaded after import = 3

========================================================================
Received Import Request.
  Time since last request: 0.000015 seconds.
  path: Assets/sprites/tilemaps/sliced tiles/Snow Tile 5 768_4.asset
  artifactKey: Guid(863422591d20f7f4889974f17509825e) Importer(815301076,1909f56bfc062723c751e8b465ee728b)
Start importing Assets/sprites/tilemaps/sliced tiles/Snow Tile 5 768_4.asset using Guid(863422591d20f7f4889974f17509825e) Importer(815301076,1909f56bfc062723c751e8b465ee728b) (PreviewImporter) -> (artifact id: 'f72cf33dbb1d10ae37f290378f993f42') in 0.0084733 seconds
Number of updated asset objects reloaded before import = 0Number of asset objects unloaded after import = 3

========================================================================
Received Import Request.
  Time since last request: 0.000017 seconds.
  path: Assets/sprites/tilemaps/sliced tiles/Snow Tile 5 768_0.asset
  artifactKey: Guid(1da77301772bc4c469443060735a15b2) Importer(815301076,1909f56bfc062723c751e8b465ee728b)
Start importing Assets/sprites/tilemaps/sliced tiles/Snow Tile 5 768_0.asset using Guid(1da77301772bc4c469443060735a15b2) Importer(815301076,1909f56bfc062723c751e8b465ee728b) (PreviewImporter) -> (artifact id: '6e9bd2a01209f1ea6c5198e8a892fa5f') in 0.0076674 seconds
Number of updated asset objects reloaded before import = 0Number of asset objects unloaded after import = 3

========================================================================
Received Import Request.
  Time since last request: 0.191389 seconds.
  path: Assets/sprites/tilemaps/sliced tiles/Snow Tile 6 768_7.asset
  artifactKey: Guid(6c73c7e3eefbd3340b99f0a624409f2c) Importer(815301076,1909f56bfc062723c751e8b465ee728b)
Start importing Assets/sprites/tilemaps/sliced tiles/Snow Tile 6 768_7.asset using Guid(6c73c7e3eefbd3340b99f0a624409f2c) Importer(815301076,1909f56bfc062723c751e8b465ee728b) (PreviewImporter) -> (artifact id: '65f174a7c7903b1ed444e15176a4c40c') in 0.0118053 seconds
Number of updated asset objects reloaded before import = 0Number of asset objects unloaded after import = 3

========================================================================
Received Import Request.
  Time since last request: 0.000013 seconds.
  path: Assets/sprites/tilemaps/sliced tiles/Snow Tile 7 768_5.asset
  artifactKey: Guid(d5f1a5261b5fd454691ebaee6c85d115) Importer(815301076,1909f56bfc062723c751e8b465ee728b)
Start importing Assets/sprites/tilemaps/sliced tiles/Snow Tile 7 768_5.asset using Guid(d5f1a5261b5fd454691ebaee6c85d115) Importer(815301076,1909f56bfc062723c751e8b465ee728b) (PreviewImporter) -> (artifact id: 'ec33eb4a44a9d995433c0b4f4f5b3660') in 0.0104599 seconds
Number of updated asset objects reloaded before import = 0Number of asset objects unloaded after import = 3

========================================================================
Received Import Request.
  Time since last request: 0.000014 seconds.
  path: Assets/sprites/tilemaps/sliced tiles/Snow Tile 7 768_6.asset
  artifactKey: Guid(eae08e8d1129dc842ad327f2d7034d84) Importer(815301076,1909f56bfc062723c751e8b465ee728b)
Start importing Assets/sprites/tilemaps/sliced tiles/Snow Tile 7 768_6.asset using Guid(eae08e8d1129dc842ad327f2d7034d84) Importer(815301076,1909f56bfc062723c751e8b465ee728b) (PreviewImporter) -> (artifact id: '78805cde5681360227d0d9346b06aef0') in 0.0155852 seconds
Number of updated asset objects reloaded before import = 0Number of asset objects unloaded after import = 3

========================================================================
Received Import Request.
  Time since last request: 0.062713 seconds.
  path: Assets/sprites/tilemaps/sliced tiles/Snow Tile 8 768_1.asset
  artifactKey: Guid(45594c0ca8790bf4ab53d2c726833165) Importer(815301076,1909f56bfc062723c751e8b465ee728b)
Start importing Assets/sprites/tilemaps/sliced tiles/Snow Tile 8 768_1.asset using Guid(45594c0ca8790bf4ab53d2c726833165) Importer(815301076,1909f56bfc062723c751e8b465ee728b) (PreviewImporter) -> (artifact id: 'd0f6bf0af75203aaafc1dc1fea53f9b7') in 0.0149107 seconds
Number of updated asset objects reloaded before import = 0Number of asset objects unloaded after import = 3

========================================================================
Received Import Request.
  Time since last request: 0.000018 seconds.
  path: Assets/sprites/tilemaps/sliced tiles/Wood_House_1_2.asset
  artifactKey: Guid(c8e62690fc1f8054c94f4fd98df7df86) Importer(815301076,1909f56bfc062723c751e8b465ee728b)
Start importing Assets/sprites/tilemaps/sliced tiles/Wood_House_1_2.asset using Guid(c8e62690fc1f8054c94f4fd98df7df86) Importer(815301076,1909f56bfc062723c751e8b465ee728b) (PreviewImporter) -> (artifact id: 'c18df911adccae590a25275dff768801') in 0.0147413 seconds
Number of updated asset objects reloaded before import = 0Number of asset objects unloaded after import = 3

========================================================================
Received Import Request.
  Time since last request: 0.000018 seconds.
  path: Assets/sprites/tilemaps/sliced tiles/Snow Tile 8 768_3.asset
  artifactKey: Guid(cdc9d11695ab39145976e780466f5b08) Importer(815301076,1909f56bfc062723c751e8b465ee728b)
Start importing Assets/sprites/tilemaps/sliced tiles/Snow Tile 8 768_3.asset using Guid(cdc9d11695ab39145976e780466f5b08) Importer(815301076,1909f56bfc062723c751e8b465ee728b) (PreviewImporter) -> (artifact id: '1d7683f26f68f959db0d911af805e450') in 0.0110276 seconds
Number of updated asset objects reloaded before import = 0Number of asset objects unloaded after import = 3

========================================================================
Received Import Request.
  Time since last request: 0.000019 seconds.
  path: Assets/sprites/tilemaps/sliced tiles/Wood_House_1_7.asset
  artifactKey: Guid(94c48a12aa2302c4a8271752184f7e2b) Importer(815301076,1909f56bfc062723c751e8b465ee728b)
Start importing Assets/sprites/tilemaps/sliced tiles/Wood_House_1_7.asset using Guid(94c48a12aa2302c4a8271752184f7e2b) Importer(815301076,1909f56bfc062723c751e8b465ee728b) (PreviewImporter) -> (artifact id: 'ac721d41b90a387e6fe544548ea53c42') in 0.0104641 seconds
Number of updated asset objects reloaded before import = 0Number of asset objects unloaded after import = 3

========================================================================
Received Import Request.
  Time since last request: 0.000025 seconds.
  path: Assets/sprites/tilemaps/sliced tiles/Wood_House_1_6.asset
  artifactKey: Guid(522790cc1a57321449a325901898993b) Importer(815301076,1909f56bfc062723c751e8b465ee728b)
Start importing Assets/sprites/tilemaps/sliced tiles/Wood_House_1_6.asset using Guid(522790cc1a57321449a325901898993b) Importer(815301076,1909f56bfc062723c751e8b465ee728b) (PreviewImporter) -> (artifact id: '7d1bec614354d698d781af593528669a') in 0.0121196 seconds
Number of updated asset objects reloaded before import = 0Number of asset objects unloaded after import = 3

Editor requested this worker to shutdown with reason: Scaling down because of idle timeout
AssetImportWorker is now disconnected from the server
Process exiting
Exiting without the bug reporter. Application will terminate with return code 0